[11:09:42] [Server thread/INFO]: Starting minecraft server version 1.12.2
[11:09:42] [Server thread/INFO]: Loading properties
[11:09:42] [Server console handler/ERROR]: [TerminalConsole] Failed to read console input
java.io.IOException: Íĺâĺđíűé äĺńęđčďňîđ
	at java.io.FileInputStream.readBytes(Native Method) ~[?:?]
	at java.io.FileInputStream.read(FileInputStream.java:276) ~[?:?]
	at java.io.BufferedInputStream.read1(BufferedInputStream.java:282) ~[?:?]
	at java.io.BufferedInputStream.read(BufferedInputStream.java:343) ~[?:?]
	at sun.nio.cs.StreamDecoder.readBytes(StreamDecoder.java:270) ~[?:?]
	at sun.nio.cs.StreamDecoder.implRead(StreamDecoder.java:313) ~[?:?]
	at sun.nio.cs.StreamDecoder.read(StreamDecoder.java:188) ~[?:?]
	at java.io.InputStreamReader.read(InputStreamReader.java:177) ~[?:?]
	at java.io.BufferedReader.fill(BufferedReader.java:162) ~[?:?]
	at java.io.BufferedReader.readLine(BufferedReader.java:329) ~[?:?]
	at java.io.BufferedReader.readLine(BufferedReader.java:396) ~[?:?]
	at net.minecrell.terminalconsole.SimpleTerminalConsole.readCommands(SimpleTerminalConsole.java:179) ~[patched_1.12.2.jar:git-Paper-1620]
	at net.minecrell.terminalconsole.SimpleTerminalConsole.start(SimpleTerminalConsole.java:142) ~[patched_1.12.2.jar:git-Paper-1620]
	at net.minecraft.server.v1_12_R1.DedicatedServer$2.run(DedicatedServer.java:77) ~[patched_1.12.2.jar:git-Paper-1620]
	Suppressed: java.io.IOException: Íĺâĺđíűé äĺńęđčďňîđ
		at java.io.FileDescriptor.close0(Native Method) ~[?:?]
		at java.io.FileDescriptor.close(FileDescriptor.java:297) ~[?:?]
		at java.io.FileInputStream$1.close(FileInputStream.java:459) ~[?:?]
		at java.io.FileDescriptor.closeAll(FileDescriptor.java:355) ~[?:?]
		at java.io.FileInputStream.close(FileInputStream.java:457) ~[?:?]
		at java.io.BufferedInputStream.close(BufferedInputStream.java:481) ~[?:?]
		at sun.nio.cs.StreamDecoder.implClose(StreamDecoder.java:366) ~[?:?]
		at sun.nio.cs.StreamDecoder.close(StreamDecoder.java:204) ~[?:?]
		at java.io.InputStreamReader.close(InputStreamReader.java:192) ~[?:?]
		at java.io.BufferedReader.close(BufferedReader.java:525) ~[?:?]
		at net.minecrell.terminalconsole.SimpleTerminalConsole.readCommands(SimpleTerminalConsole.java:182) ~[patched_1.12.2.jar:git-Paper-1620]
		at net.minecrell.terminalconsole.SimpleTerminalConsole.start(SimpleTerminalConsole.java:142) ~[patched_1.12.2.jar:git-Paper-1620]
		at net.minecraft.server.v1_12_R1.DedicatedServer$2.run(DedicatedServer.java:77) ~[patched_1.12.2.jar:git-Paper-1620]
[11:09:42] [Server thread/INFO]: Default game type: SURVIVAL
[11:09:42] [Server thread/INFO]: This server is running Paper version git-Paper-1620 (MC: 1.12.2) (Implementing API version 1.12.2-R0.1-SNAPSHOT)
[11:09:42] [Server thread/INFO]: Debug logging is disabled
[11:09:42] [Server thread/INFO]: Server Ping Player Sample Count: 12
[11:09:42] [Server thread/INFO]: Using 4 threads for Netty based IO
[11:09:42] [Server thread/INFO]: Generating keypair
[11:09:42] [Server thread/INFO]: Starting Minecraft server on *:25565
[11:09:42] [Server thread/INFO]: Using default channel type
[11:09:42] [Server thread/INFO]: **** Beginning UUID conversion, this may take A LONG time ****
[11:09:42] [Server thread/INFO]: Preparing level "world"
[11:09:42] [Server thread/INFO]: -------- World Settings For [world] --------
[11:09:42] [Server thread/INFO]: Zombie Aggressive Towards Villager: true
[11:09:42] [Server thread/INFO]: Arrow Despawn Rate: 1200
[11:09:42] [Server thread/INFO]: Allow Zombie Pigmen to spawn from portal blocks: true
[11:09:42] [Server thread/INFO]: Item Merge Radius: 2.5
[11:09:42] [Server thread/INFO]: Item Despawn Rate: 6000
[11:09:42] [Server thread/INFO]: View Distance: 10
[11:09:42] [Server thread/INFO]: Experience Merge Radius: 3.0
[11:09:42] [Server thread/INFO]: Nerfing mobs spawned from spawners: false
[11:09:42] [Server thread/INFO]: Structure Info Saving: true
[11:09:42] [Server thread/INFO]: Random Lighting Updates: false
[11:09:42] [Server thread/INFO]: Hopper Transfer: 8 Hopper Check: 1 Hopper Amount: 1
[11:09:42] [Server thread/INFO]: Custom Map Seeds:  Village: 10387312 Feature: 14357617 Monument: 10387313 Slime: 987234911
[11:09:42] [Server thread/INFO]: Max TNT Explosions: 100
[11:09:42] [Server thread/INFO]: Tile Max Tick Time: 50ms Entity max Tick Time: 50ms
[11:09:42] [Server thread/INFO]: Entity Activation Range: An 32 / Mo 32 / Mi 16 / Tiv true
[11:09:42] [Server thread/INFO]: Cactus Growth Modifier: 100%
[11:09:42] [Server thread/INFO]: Cane Growth Modifier: 100%
[11:09:42] [Server thread/INFO]: Melon Growth Modifier: 100%
[11:09:42] [Server thread/INFO]: Mushroom Growth Modifier: 100%
[11:09:42] [Server thread/INFO]: Pumpkin Growth Modifier: 100%
[11:09:42] [Server thread/INFO]: Sapling Growth Modifier: 100%
[11:09:42] [Server thread/INFO]: Wheat Growth Modifier: 100%
[11:09:42] [Server thread/INFO]: NetherWart Growth Modifier: 100%
[11:09:42] [Server thread/INFO]: Vine Growth Modifier: 100%
[11:09:42] [Server thread/INFO]: Cocoa Growth Modifier: 100%
[11:09:42] [Server thread/INFO]: Entity Tracking Range: Pl 48 / An 48 / Mo 48 / Mi 32 / Other 64
[11:09:42] [Server thread/INFO]: Mob Spawn Range: 4
[11:09:43] [Server thread/INFO]: -------- World Settings For [world_nether] --------
[11:09:43] [Server thread/INFO]: Zombie Aggressive Towards Villager: true
[11:09:43] [Server thread/INFO]: Arrow Despawn Rate: 1200
[11:09:43] [Server thread/INFO]: Allow Zombie Pigmen to spawn from portal blocks: true
[11:09:43] [Server thread/INFO]: Item Merge Radius: 2.5
[11:09:43] [Server thread/INFO]: Item Despawn Rate: 6000
[11:09:43] [Server thread/INFO]: View Distance: 10
[11:09:43] [Server thread/INFO]: Experience Merge Radius: 3.0
[11:09:43] [Server thread/INFO]: Nerfing mobs spawned from spawners: false
[11:09:43] [Server thread/INFO]: Structure Info Saving: true
[11:09:43] [Server thread/INFO]: Random Lighting Updates: false
[11:09:43] [Server thread/INFO]: Hopper Transfer: 8 Hopper Check: 1 Hopper Amount: 1
[11:09:43] [Server thread/INFO]: Custom Map Seeds:  Village: 10387312 Feature: 14357617 Monument: 10387313 Slime: 987234911
[11:09:43] [Server thread/INFO]: Max TNT Explosions: 100
[11:09:43] [Server thread/INFO]: Tile Max Tick Time: 50ms Entity max Tick Time: 50ms
[11:09:43] [Server thread/INFO]: Entity Activation Range: An 32 / Mo 32 / Mi 16 / Tiv true
[11:09:43] [Server thread/INFO]: Cactus Growth Modifier: 100%
[11:09:43] [Server thread/INFO]: Cane Growth Modifier: 100%
[11:09:43] [Server thread/INFO]: Melon Growth Modifier: 100%
[11:09:43] [Server thread/INFO]: Mushroom Growth Modifier: 100%
[11:09:43] [Server thread/INFO]: Pumpkin Growth Modifier: 100%
[11:09:43] [Server thread/INFO]: Sapling Growth Modifier: 100%
[11:09:43] [Server thread/INFO]: Wheat Growth Modifier: 100%
[11:09:43] [Server thread/INFO]: NetherWart Growth Modifier: 100%
[11:09:43] [Server thread/INFO]: Vine Growth Modifier: 100%
[11:09:43] [Server thread/INFO]: Cocoa Growth Modifier: 100%
[11:09:43] [Server thread/INFO]: Entity Tracking Range: Pl 48 / An 48 / Mo 48 / Mi 32 / Other 64
[11:09:43] [Server thread/INFO]: Mob Spawn Range: 4
[11:09:43] [Server thread/INFO]: -------- World Settings For [world_the_end] --------
[11:09:43] [Server thread/INFO]: Zombie Aggressive Towards Villager: true
[11:09:43] [Server thread/INFO]: Arrow Despawn Rate: 1200
[11:09:43] [Server thread/INFO]: Allow Zombie Pigmen to spawn from portal blocks: true
[11:09:43] [Server thread/INFO]: Item Merge Radius: 2.5
[11:09:43] [Server thread/INFO]: Item Despawn Rate: 6000
[11:09:43] [Server thread/INFO]: View Distance: 10
[11:09:43] [Server thread/INFO]: Experience Merge Radius: 3.0
[11:09:43] [Server thread/INFO]: Nerfing mobs spawned from spawners: false
[11:09:43] [Server thread/INFO]: Structure Info Saving: true
[11:09:43] [Server thread/INFO]: Random Lighting Updates: false
[11:09:43] [Server thread/INFO]: Hopper Transfer: 8 Hopper Check: 1 Hopper Amount: 1
[11:09:43] [Server thread/INFO]: Custom Map Seeds:  Village: 10387312 Feature: 14357617 Monument: 10387313 Slime: 987234911
[11:09:43] [Server thread/INFO]: Max TNT Explosions: 100
[11:09:43] [Server thread/INFO]: Tile Max Tick Time: 50ms Entity max Tick Time: 50ms
[11:09:43] [Server thread/INFO]: Entity Activation Range: An 32 / Mo 32 / Mi 16 / Tiv true
[11:09:43] [Server thread/INFO]: Cactus Growth Modifier: 100%
[11:09:43] [Server thread/INFO]: Cane Growth Modifier: 100%
[11:09:43] [Server thread/INFO]: Melon Growth Modifier: 100%
[11:09:43] [Server thread/INFO]: Mushroom Growth Modifier: 100%
[11:09:43] [Server thread/INFO]: Pumpkin Growth Modifier: 100%
[11:09:43] [Server thread/INFO]: Sapling Growth Modifier: 100%
[11:09:43] [Server thread/INFO]: Wheat Growth Modifier: 100%
[11:09:43] [Server thread/INFO]: NetherWart Growth Modifier: 100%
[11:09:43] [Server thread/INFO]: Vine Growth Modifier: 100%
[11:09:43] [Server thread/INFO]: Cocoa Growth Modifier: 100%
[11:09:43] [Server thread/INFO]: Entity Tracking Range: Pl 48 / An 48 / Mo 48 / Mi 32 / Other 64
[11:09:43] [Server thread/INFO]: Mob Spawn Range: 4
[11:09:43] [Server thread/INFO]: Preparing start region for level 0 (Seed: -5102850352919401647)
[11:09:44] [Server thread/INFO]: Preparing spawn area: 9%
[11:09:45] [Server thread/INFO]: Preparing spawn area: 26%
[11:09:46] [Server thread/INFO]: Preparing start region for level 1 (Seed: -5102850352919401647)
[11:09:47] [Server thread/INFO]: Preparing spawn area: 29%
[11:09:48] [Server thread/INFO]: Preparing start region for level 2 (Seed: -5102850352919401647)
[11:09:48] [Server thread/INFO]: Done (5,972s)! For help, type "help" or "?"
[11:09:48] [Server thread/INFO]: Timings Reset
